# JRE version: OpenJDK Runtime Environment Microsoft-9889599 (17.0.12+7) (build 17.0.12+7-LTS)
# Java VM: OpenJDK 64-Bit Server VM Microsoft-9889599 (17.0.12+7-LTS, mixed mode, sharing, tiered, compressed oops, compressed class ptrs, g1 gc, windows-amd64)
GC Precious Log:
 CPUs: 12 total, 12 available
 Memory: 16251M
 Large Page Support: Disabled
 NUMA Support: Disabled
 Compressed Oops: Enabled (32-bit)
 Heap Region Size: 1M
 Heap Min Capacity: 8M
 Heap Initial Capacity: 254M
 Heap Max Capacity: 2G
 Pre-touch: Disabled
 Parallel Workers: 10
 Concurrent Workers: 3
 Concurrent Refinement Workers: 10
 Periodic GC: Disabled
Heap:
 garbage-first heap   total 393216K, used 292423K [0x0000000080000000, 0x0000000100000000)
  region size 1024K, 48 young (49152K), 8 survivors (8192K)
 Metaspace       used 122649K, committed 124352K, reserved 557056K
  class space    used 16524K, committed 17344K, reserved 425984K
GC Heap History (20 events):
Event: 43.844 GC heap before
{Heap before GC invocations=63 (full 0):
 garbage-first heap   total 393216K, used 319262K [0x0000000080000000, 0x0000000100000000)
  region size 1024K, 98 young (100352K), 5 survivors (5120K)
 Metaspace       used 112778K, committed 114112K, reserved 557056K
  class space    used 15429K, committed 16064K, reserved 425984K
}
Event: 43.851 GC heap after
{Heap after GC invocations=64 (full 0):
 garbage-first heap   total 393216K, used 227077K [0x0000000080000000, 0x0000000100000000)
  region size 1024K, 7 young (7168K), 7 survivors (7168K)
 Metaspace       used 112778K, committed 114112K, reserved 557056K
  class space    used 15429K, committed 16064K, reserved 425984K
}
Event: 44.504 GC heap before
{Heap before GC invocations=64 (full 0):
 garbage-first heap   total 393216K, used 324357K [0x0000000080000000, 0x0000000100000000)
  region size 1024K, 102 young (104448K), 7 survivors (7168K)
 Metaspace       used 112779K, committed 114112K, reserved 557056K
  class space    used 15429K, committed 16064K, reserved 425984K
}
Event: 44.511 GC heap after
{Heap after GC invocations=65 (full 0):
 garbage-first heap   total 393216K, used 229386K [0x0000000080000000, 0x0000000100000000)
  region size 1024K, 9 young (9216K), 9 survivors (9216K)
 Metaspace       used 112779K, committed 114112K, reserved 557056K
  class space    used 15429K, committed 16064K, reserved 425984K
}
Event: 45.275 GC heap before
{Heap before GC invocations=65 (full 0):
 garbage-first heap   total 393216K, used 326666K [0x0000000080000000, 0x0000000100000000)
  region size 1024K, 105 young (107520K), 9 survivors (9216K)
 Metaspace       used 112870K, committed 114240K, reserved 557056K
  class space    used 15439K, committed 16064K, reserved 425984K
}
Event: 45.284 GC heap after
{Heap after GC invocations=66 (full 0):
 garbage-first heap   total 393216K, used 232101K [0x0000000080000000, 0x0000000100000000)
  region size 1024K, 9 young (9216K), 9 survivors (9216K)
 Metaspace       used 112870K, committed 114240K, reserved 557056K
  class space    used 15439K, committed 16064K, reserved 425984K
}
Event: 45.888 GC heap before
{Heap before GC invocations=66 (full 0):
 garbage-first heap   total 393216K, used 329381K [0x0000000080000000, 0x0000000100000000)
  region size 1024K, 105 young (107520K), 9 survivors (9216K)
 Metaspace       used 113061K, committed 114432K, reserved 557056K
  class space    used 15462K, committed 16128K, reserved 425984K
}
Event: 45.898 GC heap after
{Heap after GC invocations=67 (full 0):
 garbage-first heap   total 393216K, used 236478K [0x0000000080000000, 0x0000000100000000)
  region size 1024K, 12 young (12288K), 12 survivors (12288K)
 Metaspace       used 113061K, committed 114432K, reserved 557056K
  class space    used 15462K, committed 16128K, reserved 425984K
}
Event: 46.499 GC heap before
{Heap before GC invocations=67 (full 0):
 garbage-first heap   total 393216K, used 329662K [0x0000000080000000, 0x0000000100000000)
  region size 1024K, 104 young (106496K), 12 survivors (12288K)
 Metaspace       used 113285K, committed 114688K, reserved 557056K
  class space    used 15485K, committed 16128K, reserved 425984K
}
Event: 46.511 GC heap after
{Heap after GC invocations=68 (full 0):
 garbage-first heap   total 393216K, used 240772K [0x0000000080000000, 0x0000000100000000)
  region size 1024K, 11 young (11264K), 11 survivors (11264K)
 Metaspace       used 113285K, committed 114688K, reserved 557056K
  class space    used 15485K, committed 16128K, reserved 425984K
}
Event: 47.123 GC heap before
{Heap before GC invocations=68 (full 0):
 garbage-first heap   total 393216K, used 330884K [0x0000000080000000, 0x0000000100000000)
  region size 1024K, 100 young (102400K), 11 survivors (11264K)
 Metaspace       used 113446K, committed 114880K, reserved 557056K
  class space    used 15510K, committed 16192K, reserved 425984K
}
Event: 47.135 GC heap after
{Heap after GC invocations=69 (full 0):
 garbage-first heap   total 393216K, used 245680K [0x0000000080000000, 0x0000000100000000)
  region size 1024K, 11 young (11264K), 11 survivors (11264K)
 Metaspace       used 113446K, committed 114880K, reserved 557056K
  class space    used 15510K, committed 16192K, reserved 425984K
}
Event: 47.392 GC heap before
{Heap before GC invocations=69 (full 0):
 garbage-first heap   total 393216K, used 331696K [0x0000000080000000, 0x0000000100000000)
  region size 1024K, 96 young (98304K), 11 survivors (11264K)
 Metaspace       used 113489K, committed 114944K, reserved 557056K
  class space    used 15513K, committed 16192K, reserved 425984K
}
Event: 47.401 GC heap after
{Heap after GC invocations=70 (full 0):
 garbage-first heap   total 393216K, used 247379K [0x0000000080000000, 0x0000000100000000)
  region size 1024K, 5 young (5120K), 5 survivors (5120K)
 Metaspace       used 113489K, committed 114944K, reserved 557056K
  class space    used 15513K, committed 16192K, reserved 425984K
}
Event: 47.734 GC heap before
{Heap before GC invocations=70 (full 0):
 garbage-first heap   total 393216K, used 333395K [0x0000000080000000, 0x0000000100000000)
  region size 1024K, 90 young (92160K), 5 survivors (5120K)
 Metaspace       used 113902K, committed 115328K, reserved 557056K
  class space    used 15581K, committed 16256K, reserved 425984K
}
Event: 47.740 GC heap after
{Heap after GC invocations=71 (full 0):
 garbage-first heap   total 393216K, used 248566K [0x0000000080000000, 0x0000000100000000)
  region size 1024K, 6 young (6144K), 6 survivors (6144K)
 Metaspace       used 113902K, committed 115328K, reserved 557056K
  class space    used 15581K, committed 16256K, reserved 425984K
}
Event: 49.409 GC heap before
{Heap before GC invocations=71 (full 0):
 garbage-first heap   total 393216K, used 334582K [0x0000000080000000, 0x0000000100000000)
  region size 1024K, 91 young (93184K), 6 survivors (6144K)
 Metaspace       used 116146K, committed 117568K, reserved 557056K
  class space    used 15849K, committed 16512K, reserved 425984K
}
Event: 49.424 GC heap after
{Heap after GC invocations=72 (full 0):
 garbage-first heap   total 393216K, used 251218K [0x0000000080000000, 0x0000000100000000)
  region size 1024K, 9 young (9216K), 9 survivors (9216K)
 Metaspace       used 116146K, committed 117568K, reserved 557056K
  class space    used 15849K, committed 16512K, reserved 425984K
}
Event: 615.318 GC heap before
{Heap before GC invocations=72 (full 0):
 garbage-first heap   total 393216K, used 335186K [0x0000000080000000, 0x0000000100000000)
  region size 1024K, 92 young (94208K), 9 survivors (9216K)
 Metaspace       used 122300K, committed 123904K, reserved 557056K
  class space    used 16477K, committed 17280K, reserved 425984K
}
Event: 615.342 GC heap after
{Heap after GC invocations=73 (full 0):
 garbage-first heap   total 393216K, used 252487K [0x0000000080000000, 0x0000000100000000)
  region size 1024K, 8 young (8192K), 8 survivors (8192K)
 Metaspace       used 122300K, committed 123904K, reserved 557056K
  class space    used 16477K, committed 17280K, reserved 425984K
}

